# JRE version: OpenJDK Runtime Environment Temurin-11.0.14.1+1 (11.0.14.1+1) (build 11.0.14.1+1)
# Java VM: OpenJDK 64-Bit Server VM Temurin-11.0.14.1+1 (11.0.14.1+1, mixed mode, tiered, compressed oops, g1 gc, windows-amd64)
Heap:
 garbage-first heap   total 122880K, used 22192K [0x0000000088800000, 0x0000000100000000)
  region size 1024K, 15 young (15360K), 2 survivors (2048K)
 Metaspace       used 24103K, capacity 24611K, committed 24832K, reserved 1071104K
  class space    used 2617K, capacity 2781K, committed 2816K, reserved 1048576K
GC Heap History (10 events):
Event: 1.113 GC heap before
{Heap before GC invocations=0 (full 0):
 garbage-first heap   total 122880K, used 6144K [0x0000000088800000, 0x0000000100000000)
  region size 1024K, 7 young (7168K), 0 survivors (0K)
 Metaspace       used 7682K, capacity 7817K, committed 7936K, reserved 1056768K
  class space    used 661K, capacity 708K, committed 768K, reserved 1048576K
}
Event: 1.128 GC heap after
{Heap after GC invocations=1 (full 0):
 garbage-first heap   total 122880K, used 3642K [0x0000000088800000, 0x0000000100000000)
  region size 1024K, 1 young (1024K), 1 survivors (1024K)
 Metaspace       used 7682K, capacity 7817K, committed 7936K, reserved 1056768K
  class space    used 661K, capacity 708K, committed 768K, reserved 1048576K
}
Event: 2.771 GC heap before
{Heap before GC invocations=1 (full 0):
 garbage-first heap   total 122880K, used 8762K [0x0000000088800000, 0x0000000100000000)
  region size 1024K, 6 young (6144K), 1 survivors (1024K)
 Metaspace       used 11609K, capacity 11869K, committed 12032K, reserved 1060864K
  class space    used 1101K, capacity 1189K, committed 1280K, reserved 1048576K
}
Event: 2.778 GC heap after
{Heap after GC invocations=2 (full 0):
 garbage-first heap   total 122880K, used 4436K [0x0000000088800000, 0x0000000100000000)
  region size 1024K, 1 young (1024K), 1 survivors (1024K)
 Metaspace       used 11609K, capacity 11869K, committed 12032K, reserved 1060864K
  class space    used 1101K, capacity 1189K, committed 1280K, reserved 1048576K
}
Event: 3.855 GC heap before
{Heap before GC invocations=2 (full 0):
 garbage-first heap   total 122880K, used 14676K [0x0000000088800000, 0x0000000100000000)
  region size 1024K, 12 young (12288K), 1 survivors (1024K)
 Metaspace       used 14908K, capacity 15127K, committed 15360K, reserved 1062912K
  class space    used 1434K, capacity 1525K, committed 1536K, reserved 1048576K
}
Event: 3.863 GC heap after
{Heap after GC invocations=3 (full 0):
 garbage-first heap   total 122880K, used 6409K [0x0000000088800000, 0x0000000100000000)
  region size 1024K, 2 young (2048K), 2 survivors (2048K)
 Metaspace       used 14908K, capacity 15127K, committed 15360K, reserved 1062912K
  class space    used 1434K, capacity 1525K, committed 1536K, reserved 1048576K
}
Event: 5.001 GC heap before
{Heap before GC invocations=3 (full 0):
 garbage-first heap   total 122880K, used 21769K [0x0000000088800000, 0x0000000100000000)
  region size 1024K, 17 young (17408K), 2 survivors (2048K)
 Metaspace       used 17585K, capacity 17868K, committed 18048K, reserved 1064960K
  class space    used 1715K, capacity 1843K, committed 1920K, reserved 1048576K
}
Event: 5.012 GC heap after
{Heap after GC invocations=4 (full 0):
 garbage-first heap   total 122880K, used 8665K [0x0000000088800000, 0x0000000100000000)
  region size 1024K, 3 young (3072K), 3 survivors (3072K)
 Metaspace       used 17585K, capacity 17868K, committed 18048K, reserved 1064960K
  class space    used 1715K, capacity 1843K, committed 1920K, reserved 1048576K
}
Event: 6.480 GC heap before
{Heap before GC invocations=4 (full 0):
 garbage-first heap   total 122880K, used 21977K [0x0000000088800000, 0x0000000100000000)
  region size 1024K, 17 young (17408K), 3 survivors (3072K)
 Metaspace       used 20731K, capacity 21062K, committed 21248K, reserved 1069056K
  class space    used 2155K, capacity 2273K, committed 2304K, reserved 1048576K
}
Event: 6.490 GC heap after
{Heap after GC invocations=5 (full 0):
 garbage-first heap   total 122880K, used 9904K [0x0000000088800000, 0x0000000100000000)
  region size 1024K, 2 young (2048K), 2 survivors (2048K)
 Metaspace       used 20731K, capacity 21062K, committed 21248K, reserved 1069056K
  class space    used 2155K, capacity 2273K, committed 2304K, reserved 1048576K
}

